<?xml version="1.0" encoding="UTF-8"?>
<!-- Generated by org.testng.reporters.JUnitReportReporter -->
<testsuite skipped="0" hostname="DESKTOP-BHBLJS8" name="maven.tests.MavenDemo" tests="1" failures="0" timestamp="2023-01-07T17:20:04 IST" time="3.519" errors="0">
  <testcase name="sampleTest" time="3.519" classname="maven.tests.MavenDemo"/>
  <system-out/>
</testsuite> <!-- maven.tests.MavenDemo -->
